# JRE version: OpenJDK Runtime Environment Temurin-21.0.11+10 (21.0.11+10) (build 21.0.11+10-LTS)
# Java VM: OpenJDK 64-Bit Server VM Temurin-21.0.11+10 (21.0.11+10-LTS, mixed mode, sharing, tiered, compressed oops, compressed class ptrs, parallel gc, windows-amd64)
GC Precious Log:
 CardTable entry size: 512
 CPUs: 8 total, 8 available
 Memory: 7998M
 Large Page Support: Disabled
 NUMA Support: Disabled
 Compressed Oops: Enabled (32-bit)
 Alignments: Space 512K, Generation 512K, Heap 2M
 Heap Min Capacity: 100M
 Heap Initial Capacity: 100M
 Heap Max Capacity: 2G
 Pre-touch: Disabled
 Parallel Workers: 8
Heap:
 PSYoungGen      total 6144K, used 4393K [0x00000000d5580000, 0x00000000d5d80000, 0x0000000100000000)
  eden space 5120K, 83% used [0x00000000d5580000,0x00000000d59aa460,0x00000000d5a80000)
  from space 1024K, 12% used [0x00000000d5c00000,0x00000000d5c20000,0x00000000d5d00000)
  to   space 512K, 0% used [0x00000000d5d00000,0x00000000d5d00000,0x00000000d5d80000)
 ParOldGen       total 885760K, used 232718K [0x0000000080000000, 0x00000000b6100000, 0x00000000d5580000)
  object space 885760K, 26% used [0x0000000080000000,0x000000008e343ab8,0x00000000b6100000)
 Metaspace       used 82031K, committed 83712K, reserved 1179648K
  class space    used 8707K, committed 9408K, reserved 1048576K
GC Heap History (20 events):
Event: 838.208 GC heap before
{Heap before GC invocations=826 (full 4):
 PSYoungGen      total 5632K, used 4464K [0x00000000d5580000, 0x00000000d5c80000, 0x0000000100000000)
  eden space 3072K, 100% used [0x00000000d5580000,0x00000000d5880000,0x00000000d5880000)
  from space 2560K, 54% used [0x00000000d5880000,0x00000000d59dc000,0x00000000d5b00000)
  to   space 1536K, 0% used [0x00000000d5b00000,0x00000000d5b00000,0x00000000d5c80000)
 ParOldGen       total 885760K, used 226167K [0x0000000080000000, 0x00000000b6100000, 0x00000000d5580000)
  object space 885760K, 25% used [0x0000000080000000,0x000000008dcddf28,0x00000000b6100000)
 Metaspace       used 81906K, committed 83584K, reserved 1179648K
  class space    used 8707K, committed 9408K, reserved 1048576K
}
Event: 838.211 GC heap after
{Heap after GC invocations=826 (full 4):
 PSYoungGen      total 5632K, used 832K [0x00000000d5580000, 0x00000000d5c80000, 0x0000000100000000)
  eden space 4096K, 0% used [0x00000000d5580000,0x00000000d5580000,0x00000000d5980000)
  from space 1536K, 54% used [0x00000000d5b00000,0x00000000d5bd0000,0x00000000d5c80000)
  to   space 1536K, 0% used [0x00000000d5980000,0x00000000d5980000,0x00000000d5b00000)
 ParOldGen       total 885760K, used 227415K [0x0000000080000000, 0x00000000b6100000, 0x00000000d5580000)
  object space 885760K, 25% used [0x0000000080000000,0x000000008de15f28,0x00000000b6100000)
 Metaspace       used 81906K, committed 83584K, reserved 1179648K
  class space    used 8707K, committed 9408K, reserved 1048576K
}
Event: 838.244 GC heap before
{Heap before GC invocations=827 (full 4):
 PSYoungGen      total 5632K, used 4928K [0x00000000d5580000, 0x00000000d5c80000, 0x0000000100000000)
  eden space 4096K, 100% used [0x00000000d5580000,0x00000000d5980000,0x00000000d5980000)
  from space 1536K, 54% used [0x00000000d5b00000,0x00000000d5bd0000,0x00000000d5c80000)
  to   space 1536K, 0% used [0x00000000d5980000,0x00000000d5980000,0x00000000d5b00000)
 ParOldGen       total 885760K, used 227415K [0x0000000080000000, 0x00000000b6100000, 0x00000000d5580000)
  object space 885760K, 25% used [0x0000000080000000,0x000000008de15f28,0x00000000b6100000)
 Metaspace       used 81920K, committed 83648K, reserved 1179648K
  class space    used 8707K, committed 9408K, reserved 1048576K
}
Event: 838.252 GC heap after
{Heap after GC invocations=827 (full 4):
 PSYoungGen      total 5632K, used 800K [0x00000000d5580000, 0x00000000d5c80000, 0x0000000100000000)
  eden space 4096K, 0% used [0x00000000d5580000,0x00000000d5580000,0x00000000d5980000)
  from space 1536K, 52% used [0x00000000d5980000,0x00000000d5a48000,0x00000000d5b00000)
  to   space 1024K, 0% used [0x00000000d5b80000,0x00000000d5b80000,0x00000000d5c80000)
 ParOldGen       total 885760K, used 228091K [0x0000000080000000, 0x00000000b6100000, 0x00000000d5580000)
  object space 885760K, 25% used [0x0000000080000000,0x000000008debef38,0x00000000b6100000)
 Metaspace       used 81920K, committed 83648K, reserved 1179648K
  class space    used 8707K, committed 9408K, reserved 1048576K
}
Event: 838.280 GC heap before
{Heap before GC invocations=828 (full 4):
 PSYoungGen      total 5632K, used 4896K [0x00000000d5580000, 0x00000000d5c80000, 0x0000000100000000)
  eden space 4096K, 100% used [0x00000000d5580000,0x00000000d5980000,0x00000000d5980000)
  from space 1536K, 52% used [0x00000000d5980000,0x00000000d5a48000,0x00000000d5b00000)
  to   space 1024K, 0% used [0x00000000d5b80000,0x00000000d5b80000,0x00000000d5c80000)
 ParOldGen       total 885760K, used 228091K [0x0000000080000000, 0x00000000b6100000, 0x00000000d5580000)
  object space 885760K, 25% used [0x0000000080000000,0x000000008debef38,0x00000000b6100000)
 Metaspace       used 81935K, committed 83648K, reserved 1179648K
  class space    used 8707K, committed 9408K, reserved 1048576K
}
Event: 838.282 GC heap after
{Heap after GC invocations=828 (full 4):
 PSYoungGen      total 5632K, used 288K [0x00000000d5580000, 0x00000000d5c00000, 0x0000000100000000)
  eden space 5120K, 0% used [0x00000000d5580000,0x00000000d5580000,0x00000000d5a80000)
  from space 512K, 56% used [0x00000000d5b80000,0x00000000d5bc8000,0x00000000d5c00000)
  to   space 512K, 0% used [0x00000000d5b00000,0x00000000d5b00000,0x00000000d5b80000)
 ParOldGen       total 885760K, used 228233K [0x0000000080000000, 0x00000000b6100000, 0x00000000d5580000)
  object space 885760K, 25% used [0x0000000080000000,0x000000008dee2710,0x00000000b6100000)
 Metaspace       used 81935K, committed 83648K, reserved 1179648K
  class space    used 8707K, committed 9408K, reserved 1048576K
}
Event: 838.770 GC heap before
{Heap before GC invocations=829 (full 4):
 PSYoungGen      total 5632K, used 5408K [0x00000000d5580000, 0x00000000d5c00000, 0x0000000100000000)
  eden space 5120K, 100% used [0x00000000d5580000,0x00000000d5a80000,0x00000000d5a80000)
  from space 512K, 56% used [0x00000000d5b80000,0x00000000d5bc8000,0x00000000d5c00000)
  to   space 512K, 0% used [0x00000000d5b00000,0x00000000d5b00000,0x00000000d5b80000)
 ParOldGen       total 885760K, used 228233K [0x0000000080000000, 0x00000000b6100000, 0x00000000d5580000)
  object space 885760K, 25% used [0x0000000080000000,0x000000008dee2710,0x00000000b6100000)
 Metaspace       used 81970K, committed 83712K, reserved 1179648K
  class space    used 8707K, committed 9408K, reserved 1048576K
}
Event: 838.771 GC heap after
{Heap after GC invocations=829 (full 4):
 PSYoungGen      total 5632K, used 160K [0x00000000d5580000, 0x00000000d5c00000, 0x0000000100000000)
  eden space 5120K, 0% used [0x00000000d5580000,0x00000000d5580000,0x00000000d5a80000)
  from space 512K, 31% used [0x00000000d5b00000,0x00000000d5b28000,0x00000000d5b80000)
  to   space 512K, 0% used [0x00000000d5b80000,0x00000000d5b80000,0x00000000d5c00000)
 ParOldGen       total 885760K, used 228329K [0x0000000080000000, 0x00000000b6100000, 0x00000000d5580000)
  object space 885760K, 25% used [0x0000000080000000,0x000000008defa710,0x00000000b6100000)
 Metaspace       used 81970K, committed 83712K, reserved 1179648K
  class space    used 8707K, committed 9408K, reserved 1048576K
}
Event: 848.750 GC heap before
{Heap before GC invocations=830 (full 4):
 PSYoungGen      total 5632K, used 5280K [0x00000000d5580000, 0x00000000d5c00000, 0x0000000100000000)
  eden space 5120K, 100% used [0x00000000d5580000,0x00000000d5a80000,0x00000000d5a80000)
  from space 512K, 31% used [0x00000000d5b00000,0x00000000d5b28000,0x00000000d5b80000)
  to   space 512K, 0% used [0x00000000d5b80000,0x00000000d5b80000,0x00000000d5c00000)
 ParOldGen       total 885760K, used 228329K [0x0000000080000000, 0x00000000b6100000, 0x00000000d5580000)
  object space 885760K, 25% used [0x0000000080000000,0x000000008defa710,0x00000000b6100000)
 Metaspace       used 81976K, committed 83712K, reserved 1179648K
  class space    used 8707K, committed 9408K, reserved 1048576K
}
Event: 848.753 GC heap after
{Heap after GC invocations=830 (full 4):
 PSYoungGen      total 5632K, used 256K [0x00000000d5580000, 0x00000000d5c00000, 0x0000000100000000)
  eden space 5120K, 0% used [0x00000000d5580000,0x00000000d5580000,0x00000000d5a80000)
  from space 512K, 50% used [0x00000000d5b80000,0x00000000d5bc0000,0x00000000d5c00000)
  to   space 512K, 0% used [0x00000000d5b00000,0x00000000d5b00000,0x00000000d5b80000)
 ParOldGen       total 885760K, used 228369K [0x0000000080000000, 0x00000000b6100000, 0x00000000d5580000)
  object space 885760K, 25% used [0x0000000080000000,0x000000008df04710,0x00000000b6100000)
 Metaspace       used 81976K, committed 83712K, reserved 1179648K
  class space    used 8707K, committed 9408K, reserved 1048576K
}
Event: 852.459 GC heap before
{Heap before GC invocations=831 (full 4):
 PSYoungGen      total 5632K, used 5376K [0x00000000d5580000, 0x00000000d5c00000, 0x0000000100000000)
  eden space 5120K, 100% used [0x00000000d5580000,0x00000000d5a80000,0x00000000d5a80000)
  from space 512K, 50% used [0x00000000d5b80000,0x00000000d5bc0000,0x00000000d5c00000)
  to   space 512K, 0% used [0x00000000d5b00000,0x00000000d5b00000,0x00000000d5b80000)
 ParOldGen       total 885760K, used 228369K [0x0000000080000000, 0x00000000b6100000, 0x00000000d5580000)
  object space 885760K, 25% used [0x0000000080000000,0x000000008df04710,0x00000000b6100000)
 Metaspace       used 81983K, committed 83712K, reserved 1179648K
  class space    used 8707K, committed 9408K, reserved 1048576K
}
Event: 852.465 GC heap after
{Heap after GC invocations=831 (full 4):
 PSYoungGen      total 5632K, used 484K [0x00000000d5580000, 0x00000000d6180000, 0x0000000100000000)
  eden space 5120K, 0% used [0x00000000d5580000,0x00000000d5580000,0x00000000d5a80000)
  from space 512K, 94% used [0x00000000d5b00000,0x00000000d5b793a8,0x00000000d5b80000)
  to   space 3584K, 0% used [0x00000000d5e00000,0x00000000d5e00000,0x00000000d6180000)
 ParOldGen       total 885760K, used 230806K [0x0000000080000000, 0x00000000b6100000, 0x00000000d5580000)
  object space 885760K, 26% used [0x0000000080000000,0x000000008e165ab8,0x00000000b6100000)
 Metaspace       used 81983K, committed 83712K, reserved 1179648K
  class space    used 8707K, committed 9408K, reserved 1048576K
}
Event: 852.546 GC heap before
{Heap before GC invocations=832 (full 4):
 PSYoungGen      total 5632K, used 5604K [0x00000000d5580000, 0x00000000d6180000, 0x0000000100000000)
  eden space 5120K, 100% used [0x00000000d5580000,0x00000000d5a80000,0x00000000d5a80000)
  from space 512K, 94% used [0x00000000d5b00000,0x00000000d5b793a8,0x00000000d5b80000)
  to   space 3584K, 0% used [0x00000000d5e00000,0x00000000d5e00000,0x00000000d6180000)
 ParOldGen       total 885760K, used 230806K [0x0000000080000000, 0x00000000b6100000, 0x00000000d5580000)
  object space 885760K, 26% used [0x0000000080000000,0x000000008e165ab8,0x00000000b6100000)
 Metaspace       used 81986K, committed 83712K, reserved 1179648K
  class space    used 8707K, committed 9408K, reserved 1048576K
}
Event: 852.549 GC heap after
{Heap after GC invocations=832 (full 4):
 PSYoungGen      total 7680K, used 2080K [0x00000000d5580000, 0x00000000d6080000, 0x0000000100000000)
  eden space 5120K, 0% used [0x00000000d5580000,0x00000000d5580000,0x00000000d5a80000)
  from space 2560K, 81% used [0x00000000d5e00000,0x00000000d6008000,0x00000000d6080000)
  to   space 2560K, 0% used [0x00000000d5b80000,0x00000000d5b80000,0x00000000d5e00000)
 ParOldGen       total 885760K, used 230894K [0x0000000080000000, 0x00000000b6100000, 0x00000000d5580000)
  object space 885760K, 26% used [0x0000000080000000,0x000000008e17bab8,0x00000000b6100000)
 Metaspace       used 81986K, committed 83712K, reserved 1179648K
  class space    used 8707K, committed 9408K, reserved 1048576K
}
Event: 852.874 GC heap before
{Heap before GC invocations=833 (full 4):
 PSYoungGen      total 7680K, used 7200K [0x00000000d5580000, 0x00000000d6080000, 0x0000000100000000)
  eden space 5120K, 100% used [0x00000000d5580000,0x00000000d5a80000,0x00000000d5a80000)
  from space 2560K, 81% used [0x00000000d5e00000,0x00000000d6008000,0x00000000d6080000)
  to   space 2560K, 0% used [0x00000000d5b80000,0x00000000d5b80000,0x00000000d5e00000)
 ParOldGen       total 885760K, used 230894K [0x0000000080000000, 0x00000000b6100000, 0x00000000d5580000)
  object space 885760K, 26% used [0x0000000080000000,0x000000008e17bab8,0x00000000b6100000)
 Metaspace       used 82025K, committed 83712K, reserved 1179648K
  class space    used 8707K, committed 9408K, reserved 1048576K
}
Event: 852.878 GC heap after
{Heap after GC invocations=833 (full 4):
 PSYoungGen      total 5632K, used 400K [0x00000000d5580000, 0x00000000d5e80000, 0x0000000100000000)
  eden space 5120K, 0% used [0x00000000d5580000,0x00000000d5580000,0x00000000d5a80000)
  from space 512K, 78% used [0x00000000d5b80000,0x00000000d5be4010,0x00000000d5c00000)
  to   space 1536K, 0% used [0x00000000d5d00000,0x00000000d5d00000,0x00000000d5e80000)
 ParOldGen       total 885760K, used 232598K [0x0000000080000000, 0x00000000b6100000, 0x00000000d5580000)
  object space 885760K, 26% used [0x0000000080000000,0x000000008e325ab8,0x00000000b6100000)
 Metaspace       used 82025K, committed 83712K, reserved 1179648K
  class space    used 8707K, committed 9408K, reserved 1048576K
}
Event: 852.904 GC heap before
{Heap before GC invocations=834 (full 4):
 PSYoungGen      total 5632K, used 5520K [0x00000000d5580000, 0x00000000d5e80000, 0x0000000100000000)
  eden space 5120K, 100% used [0x00000000d5580000,0x00000000d5a80000,0x00000000d5a80000)
  from space 512K, 78% used [0x00000000d5b80000,0x00000000d5be4010,0x00000000d5c00000)
  to   space 1536K, 0% used [0x00000000d5d00000,0x00000000d5d00000,0x00000000d5e80000)
 ParOldGen       total 885760K, used 232598K [0x0000000080000000, 0x00000000b6100000, 0x00000000d5580000)
  object space 885760K, 26% used [0x0000000080000000,0x000000008e325ab8,0x00000000b6100000)
 Metaspace       used 82025K, committed 83712K, reserved 1179648K
  class space    used 8707K, committed 9408K, reserved 1048576K
}
Event: 852.906 GC heap after
{Heap after GC invocations=834 (full 4):
 PSYoungGen      total 6144K, used 880K [0x00000000d5580000, 0x00000000d5e00000, 0x0000000100000000)
  eden space 5120K, 0% used [0x00000000d5580000,0x00000000d5580000,0x00000000d5a80000)
  from space 1024K, 85% used [0x00000000d5d00000,0x00000000d5ddc010,0x00000000d5e00000)
  to   space 1024K, 0% used [0x00000000d5c00000,0x00000000d5c00000,0x00000000d5d00000)
 ParOldGen       total 885760K, used 232710K [0x0000000080000000, 0x00000000b6100000, 0x00000000d5580000)
  object space 885760K, 26% used [0x0000000080000000,0x000000008e341ab8,0x00000000b6100000)
 Metaspace       used 82025K, committed 83712K, reserved 1179648K
  class space    used 8707K, committed 9408K, reserved 1048576K
}
Event: 854.216 GC heap before
{Heap before GC invocations=835 (full 4):
 PSYoungGen      total 6144K, used 6000K [0x00000000d5580000, 0x00000000d5e00000, 0x0000000100000000)
  eden space 5120K, 100% used [0x00000000d5580000,0x00000000d5a80000,0x00000000d5a80000)
  from space 1024K, 85% used [0x00000000d5d00000,0x00000000d5ddc010,0x00000000d5e00000)
  to   space 1024K, 0% used [0x00000000d5c00000,0x00000000d5c00000,0x00000000d5d00000)
 ParOldGen       total 885760K, used 232710K [0x0000000080000000, 0x00000000b6100000, 0x00000000d5580000)
  object space 885760K, 26% used [0x0000000080000000,0x000000008e341ab8,0x00000000b6100000)
 Metaspace       used 82027K, committed 83712K, reserved 1179648K
  class space    used 8707K, committed 9408K, reserved 1048576K
}
Event: 854.218 GC heap after
{Heap after GC invocations=835 (full 4):
 PSYoungGen      total 6144K, used 128K [0x00000000d5580000, 0x00000000d5d80000, 0x0000000100000000)
  eden space 5120K, 0% used [0x00000000d5580000,0x00000000d5580000,0x00000000d5a80000)
  from space 1024K, 12% used [0x00000000d5c00000,0x00000000d5c20000,0x00000000d5d00000)
  to   space 512K, 0% used [0x00000000d5d00000,0x00000000d5d00000,0x00000000d5d80000)
 ParOldGen       total 885760K, used 232718K [0x0000000080000000, 0x00000000b6100000, 0x00000000d5580000)
  object space 885760K, 26% used [0x0000000080000000,0x000000008e343ab8,0x00000000b6100000)
 Metaspace       used 82027K, committed 83712K, reserved 1179648K
  class space    used 8707K, committed 9408K, reserved 1048576K
}

